# JRE version: OpenJDK Runtime Environment Temurin-17.0.8.1+1 (17.0.8.1+1) (build 17.0.8.1+1)
# Java VM: OpenJDK 64-Bit Server VM Temurin-17.0.8.1+1 (17.0.8.1+1, mixed mode, emulated-client, tiered, compressed oops, compressed class ptrs, g1 gc, windows-amd64)
GC Precious Log:
 CPUs: 16 total, 16 available
 Memory: 7860M
 Large Page Support: Disabled
 NUMA Support: Disabled
 Compressed Oops: Enabled (32-bit)
 Heap Region Size: 1M
 Heap Min Capacity: 8M
 Heap Initial Capacity: 124M
 Heap Max Capacity: 1G
 Pre-touch: Disabled
 Parallel Workers: 13
 Concurrent Workers: 3
 Concurrent Refinement Workers: 13
 Periodic GC: Disabled
Heap:
 garbage-first heap   total 74752K, used 29696K [0x00000000c0000000, 0x0000000100000000)
  region size 1024K, 1 young (1024K), 0 survivors (0K)
 Metaspace       used 55408K, committed 55872K, reserved 1114112K
  class space    used 7060K, committed 7296K, reserved 1048576K
GC Heap History (20 events):
Event: 5197.175 GC heap before
{Heap before GC invocations=494 (full 474):
 garbage-first heap   total 74752K, used 29696K [0x00000000c0000000, 0x0000000100000000)
  region size 1024K, 1 young (1024K), 0 survivors (0K)
 Metaspace       used 55408K, committed 55872K, reserved 1114112K
  class space    used 7060K, committed 7296K, reserved 1048576K
}
Event: 5197.225 GC heap after
{Heap after GC invocations=495 (full 475):
 garbage-first heap   total 74752K, used 29696K [0x00000000c0000000, 0x0000000100000000)
  region size 1024K, 0 young (0K), 0 survivors (0K)
 Metaspace       used 55408K, committed 55872K, reserved 1114112K
  class space    used 7060K, committed 7296K, reserved 1048576K
}
Event: 5207.426 GC heap before
{Heap before GC invocations=495 (full 475):
 garbage-first heap   total 74752K, used 29696K [0x00000000c0000000, 0x0000000100000000)
  region size 1024K, 1 young (1024K), 0 survivors (0K)
 Metaspace       used 55408K, committed 55872K, reserved 1114112K
  class space    used 7060K, committed 7296K, reserved 1048576K
}
Event: 5207.475 GC heap after
{Heap after GC invocations=496 (full 476):
 garbage-first heap   total 74752K, used 29696K [0x00000000c0000000, 0x0000000100000000)
  region size 1024K, 0 young (0K), 0 survivors (0K)
 Metaspace       used 55408K, committed 55872K, reserved 1114112K
  class space    used 7060K, committed 7296K, reserved 1048576K
}
Event: 5217.650 GC heap before
{Heap before GC invocations=496 (full 476):
 garbage-first heap   total 74752K, used 29696K [0x00000000c0000000, 0x0000000100000000)
  region size 1024K, 1 young (1024K), 0 survivors (0K)
 Metaspace       used 55408K, committed 55872K, reserved 1114112K
  class space    used 7060K, committed 7296K, reserved 1048576K
}
Event: 5217.698 GC heap after
{Heap after GC invocations=497 (full 477):
 garbage-first heap   total 74752K, used 29696K [0x00000000c0000000, 0x0000000100000000)
  region size 1024K, 0 young (0K), 0 survivors (0K)
 Metaspace       used 55408K, committed 55872K, reserved 1114112K
  class space    used 7060K, committed 7296K, reserved 1048576K
}
Event: 5227.861 GC heap before
{Heap before GC invocations=497 (full 477):
 garbage-first heap   total 74752K, used 29696K [0x00000000c0000000, 0x0000000100000000)
  region size 1024K, 1 young (1024K), 0 survivors (0K)
 Metaspace       used 55408K, committed 55872K, reserved 1114112K
  class space    used 7060K, committed 7296K, reserved 1048576K
}
Event: 5227.907 GC heap after
{Heap after GC invocations=498 (full 478):
 garbage-first heap   total 74752K, used 29696K [0x00000000c0000000, 0x0000000100000000)
  region size 1024K, 0 young (0K), 0 survivors (0K)
 Metaspace       used 55408K, committed 55872K, reserved 1114112K
  class space    used 7060K, committed 7296K, reserved 1048576K
}
Event: 5238.088 GC heap before
{Heap before GC invocations=498 (full 478):
 garbage-first heap   total 74752K, used 29696K [0x00000000c0000000, 0x0000000100000000)
  region size 1024K, 1 young (1024K), 0 survivors (0K)
 Metaspace       used 55408K, committed 55872K, reserved 1114112K
  class space    used 7060K, committed 7296K, reserved 1048576K
}
Event: 5238.133 GC heap after
{Heap after GC invocations=499 (full 479):
 garbage-first heap   total 74752K, used 29696K [0x00000000c0000000, 0x0000000100000000)
  region size 1024K, 0 young (0K), 0 survivors (0K)
 Metaspace       used 55408K, committed 55872K, reserved 1114112K
  class space    used 7060K, committed 7296K, reserved 1048576K
}
Event: 5248.302 GC heap before
{Heap before GC invocations=499 (full 479):
 garbage-first heap   total 74752K, used 29696K [0x00000000c0000000, 0x0000000100000000)
  region size 1024K, 1 young (1024K), 0 survivors (0K)
 Metaspace       used 55408K, committed 55872K, reserved 1114112K
  class space    used 7060K, committed 7296K, reserved 1048576K
}
Event: 5248.342 GC heap after
{Heap after GC invocations=500 (full 480):
 garbage-first heap   total 74752K, used 29696K [0x00000000c0000000, 0x0000000100000000)
  region size 1024K, 0 young (0K), 0 survivors (0K)
 Metaspace       used 55408K, committed 55872K, reserved 1114112K
  class space    used 7060K, committed 7296K, reserved 1048576K
}
Event: 5258.576 GC heap before
{Heap before GC invocations=500 (full 480):
 garbage-first heap   total 74752K, used 29696K [0x00000000c0000000, 0x0000000100000000)
  region size 1024K, 1 young (1024K), 0 survivors (0K)
 Metaspace       used 55408K, committed 55872K, reserved 1114112K
  class space    used 7060K, committed 7296K, reserved 1048576K
}
Event: 5258.613 GC heap after
{Heap after GC invocations=501 (full 481):
 garbage-first heap   total 74752K, used 29696K [0x00000000c0000000, 0x0000000100000000)
  region size 1024K, 0 young (0K), 0 survivors (0K)
 Metaspace       used 55408K, committed 55872K, reserved 1114112K
  class space    used 7060K, committed 7296K, reserved 1048576K
}
Event: 5268.822 GC heap before
{Heap before GC invocations=501 (full 481):
 garbage-first heap   total 74752K, used 29696K [0x00000000c0000000, 0x0000000100000000)
  region size 1024K, 1 young (1024K), 0 survivors (0K)
 Metaspace       used 55408K, committed 55872K, reserved 1114112K
  class space    used 7060K, committed 7296K, reserved 1048576K
}
Event: 5268.850 GC heap after
{Heap after GC invocations=502 (full 482):
 garbage-first heap   total 74752K, used 29696K [0x00000000c0000000, 0x0000000100000000)
  region size 1024K, 0 young (0K), 0 survivors (0K)
 Metaspace       used 55408K, committed 55872K, reserved 1114112K
  class space    used 7060K, committed 7296K, reserved 1048576K
}
Event: 5279.062 GC heap before
{Heap before GC invocations=502 (full 482):
 garbage-first heap   total 74752K, used 29696K [0x00000000c0000000, 0x0000000100000000)
  region size 1024K, 1 young (1024K), 0 survivors (0K)
 Metaspace       used 55408K, committed 55872K, reserved 1114112K
  class space    used 7060K, committed 7296K, reserved 1048576K
}
Event: 5279.103 GC heap after
{Heap after GC invocations=503 (full 483):
 garbage-first heap   total 74752K, used 29696K [0x00000000c0000000, 0x0000000100000000)
  region size 1024K, 0 young (0K), 0 survivors (0K)
 Metaspace       used 55408K, committed 55872K, reserved 1114112K
  class space    used 7060K, committed 7296K, reserved 1048576K
}
Event: 5289.291 GC heap before
{Heap before GC invocations=503 (full 483):
 garbage-first heap   total 74752K, used 29696K [0x00000000c0000000, 0x0000000100000000)
  region size 1024K, 1 young (1024K), 0 survivors (0K)
 Metaspace       used 55408K, committed 55872K, reserved 1114112K
  class space    used 7060K, committed 7296K, reserved 1048576K
}
Event: 5289.340 GC heap after
{Heap after GC invocations=504 (full 484):
 garbage-first heap   total 74752K, used 29696K [0x00000000c0000000, 0x0000000100000000)
  region size 1024K, 0 young (0K), 0 survivors (0K)
 Metaspace       used 55408K, committed 55872K, reserved 1114112K
  class space    used 7060K, committed 7296K, reserved 1048576K
}

