# JRE version: OpenJDK Runtime Environment Temurin-17.0.8.1+1 (17.0.8.1+1) (build 17.0.8.1+1)
# Java VM: OpenJDK 64-Bit Server VM Temurin-17.0.8.1+1 (17.0.8.1+1, mixed mode, emulated-client, tiered, compressed oops, compressed class ptrs, g1 gc, windows-amd64)
GC Precious Log:
 CPUs: 16 total, 16 available
 Memory: 7860M
 Large Page Support: Disabled
 NUMA Support: Disabled
 Compressed Oops: Enabled (32-bit)
 Heap Region Size: 1M
 Heap Min Capacity: 8M
 Heap Initial Capacity: 124M
 Heap Max Capacity: 1G
 Pre-touch: Disabled
 Parallel Workers: 13
 Concurrent Workers: 3
 Concurrent Refinement Workers: 13
 Periodic GC: Disabled
Heap:
 garbage-first heap   total 71680K, used 21159K [0x00000000c0000000, 0x0000000100000000)
  region size 1024K, 1 young (1024K), 0 survivors (0K)
 Metaspace       used 38453K, committed 38912K, reserved 1114112K
  class space    used 5083K, committed 5248K, reserved 1048576K
GC Heap History (18 events):
Event: 0.411 GC heap before
{Heap before GC invocations=0 (full 0):
 garbage-first heap   total 126976K, used 22528K [0x00000000c0000000, 0x0000000100000000)
  region size 1024K, 23 young (23552K), 0 survivors (0K)
 Metaspace       used 8274K, committed 8448K, reserved 1114112K
  class space    used 930K, committed 1024K, reserved 1048576K
}
Event: 0.416 GC heap after
{Heap after GC invocations=1 (full 0):
 garbage-first heap   total 126976K, used 9580K [0x00000000c0000000, 0x0000000100000000)
  region size 1024K, 3 young (3072K), 3 survivors (3072K)
 Metaspace       used 8274K, committed 8448K, reserved 1114112K
  class space    used 930K, committed 1024K, reserved 1048576K
}
Event: 0.722 GC heap before
{Heap before GC invocations=1 (full 0):
 garbage-first heap   total 126976K, used 33132K [0x00000000c0000000, 0x0000000100000000)
  region size 1024K, 26 young (26624K), 3 survivors (3072K)
 Metaspace       used 14204K, committed 14400K, reserved 1114112K
  class space    used 1778K, committed 1856K, reserved 1048576K
}
Event: 0.727 GC heap after
{Heap after GC invocations=2 (full 0):
 garbage-first heap   total 126976K, used 11355K [0x00000000c0000000, 0x0000000100000000)
  region size 1024K, 2 young (2048K), 2 survivors (2048K)
 Metaspace       used 14204K, committed 14400K, reserved 1114112K
  class space    used 1778K, committed 1856K, reserved 1048576K
}
Event: 1.013 GC heap before
{Heap before GC invocations=2 (full 0):
 garbage-first heap   total 126976K, used 39003K [0x00000000c0000000, 0x0000000100000000)
  region size 1024K, 31 young (31744K), 2 survivors (2048K)
 Metaspace       used 21301K, committed 21504K, reserved 1114112K
  class space    used 2613K, committed 2688K, reserved 1048576K
}
Event: 1.016 GC heap after
{Heap after GC invocations=3 (full 0):
 garbage-first heap   total 126976K, used 14207K [0x00000000c0000000, 0x0000000100000000)
  region size 1024K, 5 young (5120K), 5 survivors (5120K)
 Metaspace       used 21301K, committed 21504K, reserved 1114112K
  class space    used 2613K, committed 2688K, reserved 1048576K
}
Event: 1.235 GC heap before
{Heap before GC invocations=4 (full 0):
 garbage-first heap   total 55296K, used 39807K [0x00000000c0000000, 0x0000000100000000)
  region size 1024K, 31 young (31744K), 5 survivors (5120K)
 Metaspace       used 26855K, committed 27136K, reserved 1114112K
  class space    used 3343K, committed 3456K, reserved 1048576K
}
Event: 1.242 GC heap after
{Heap after GC invocations=5 (full 0):
 garbage-first heap   total 55296K, used 16631K [0x00000000c0000000, 0x0000000100000000)
  region size 1024K, 6 young (6144K), 6 survivors (6144K)
 Metaspace       used 26855K, committed 27136K, reserved 1114112K
  class space    used 3343K, committed 3456K, reserved 1048576K
}
Event: 1.448 GC heap before
{Heap before GC invocations=5 (full 0):
 garbage-first heap   total 55296K, used 34039K [0x00000000c0000000, 0x0000000100000000)
  region size 1024K, 24 young (24576K), 6 survivors (6144K)
 Metaspace       used 28807K, committed 29056K, reserved 1114112K
  class space    used 3605K, committed 3712K, reserved 1048576K
}
Event: 1.455 GC heap after
{Heap after GC invocations=6 (full 0):
 garbage-first heap   total 55296K, used 18188K [0x00000000c0000000, 0x0000000100000000)
  region size 1024K, 2 young (2048K), 2 survivors (2048K)
 Metaspace       used 28807K, committed 29056K, reserved 1114112K
  class space    used 3605K, committed 3712K, reserved 1048576K
}
Event: 1.661 GC heap before
{Heap before GC invocations=6 (full 0):
 garbage-first heap   total 55296K, used 35596K [0x00000000c0000000, 0x0000000100000000)
  region size 1024K, 20 young (20480K), 2 survivors (2048K)
 Metaspace       used 31820K, committed 32192K, reserved 1114112K
  class space    used 4040K, committed 4224K, reserved 1048576K
}
Event: 1.666 GC heap after
{Heap after GC invocations=7 (full 0):
 garbage-first heap   total 55296K, used 20409K [0x00000000c0000000, 0x0000000100000000)
  region size 1024K, 3 young (3072K), 3 survivors (3072K)
 Metaspace       used 31820K, committed 32192K, reserved 1114112K
  class space    used 4040K, committed 4224K, reserved 1048576K
}
Event: 1.927 GC heap before
{Heap before GC invocations=7 (full 0):
 garbage-first heap   total 55296K, used 36793K [0x00000000c0000000, 0x0000000100000000)
  region size 1024K, 20 young (20480K), 3 survivors (3072K)
 Metaspace       used 34549K, committed 34880K, reserved 1114112K
  class space    used 4442K, committed 4608K, reserved 1048576K
}
Event: 1.931 GC heap after
{Heap after GC invocations=8 (full 0):
 garbage-first heap   total 71680K, used 22007K [0x00000000c0000000, 0x0000000100000000)
  region size 1024K, 2 young (2048K), 2 survivors (2048K)
 Metaspace       used 34549K, committed 34880K, reserved 1114112K
  class space    used 4442K, committed 4608K, reserved 1048576K
}
Event: 2.029 GC heap before
{Heap before GC invocations=8 (full 0):
 garbage-first heap   total 71680K, used 28151K [0x00000000c0000000, 0x0000000100000000)
  region size 1024K, 9 young (9216K), 2 survivors (2048K)
 Metaspace       used 35753K, committed 36096K, reserved 1114112K
  class space    used 4621K, committed 4800K, reserved 1048576K
}
Event: 2.032 GC heap after
{Heap after GC invocations=9 (full 0):
 garbage-first heap   total 71680K, used 22540K [0x00000000c0000000, 0x0000000100000000)
  region size 1024K, 3 young (3072K), 3 survivors (3072K)
 Metaspace       used 35753K, committed 36096K, reserved 1114112K
  class space    used 4621K, committed 4800K, reserved 1048576K
}
Event: 42.213 GC heap before
{Heap before GC invocations=10 (full 0):
 garbage-first heap   total 71680K, used 38924K [0x00000000c0000000, 0x0000000100000000)
  region size 1024K, 20 young (20480K), 3 survivors (3072K)
 Metaspace       used 38453K, committed 38912K, reserved 1114112K
  class space    used 5083K, committed 5248K, reserved 1048576K
}
Event: 42.230 GC heap after
{Heap after GC invocations=11 (full 1):
 garbage-first heap   total 71680K, used 21159K [0x00000000c0000000, 0x0000000100000000)
  region size 1024K, 0 young (0K), 0 survivors (0K)
 Metaspace       used 38453K, committed 38912K, reserved 1114112K
  class space    used 5083K, committed 5248K, reserved 1048576K
}

