# JRE version: OpenJDK Runtime Environment Temurin-17.0.8.1+1 (17.0.8.1+1) (build 17.0.8.1+1)
# Java VM: OpenJDK 64-Bit Server VM Temurin-17.0.8.1+1 (17.0.8.1+1, mixed mode, emulated-client, tiered, compressed oops, compressed class ptrs, g1 gc, windows-amd64)
GC Precious Log:
 CPUs: 16 total, 16 available
 Memory: 7860M
 Large Page Support: Disabled
 NUMA Support: Disabled
 Compressed Oops: Enabled (32-bit)
 Heap Region Size: 1M
 Heap Min Capacity: 8M
 Heap Initial Capacity: 124M
 Heap Max Capacity: 1G
 Pre-touch: Disabled
 Parallel Workers: 13
 Concurrent Workers: 3
 Concurrent Refinement Workers: 13
 Periodic GC: Disabled
Heap:
 garbage-first heap   total 86016K, used 28371K [0x00000000c0000000, 0x0000000100000000)
  region size 1024K, 1 young (1024K), 0 survivors (0K)
 Metaspace       used 56911K, committed 57664K, reserved 1114112K
  class space    used 6998K, committed 7296K, reserved 1048576K
GC Heap History (20 events):
Event: 246.237 GC heap before
{Heap before GC invocations=33 (full 18):
 garbage-first heap   total 86016K, used 29653K [0x00000000c0000000, 0x0000000100000000)
  region size 1024K, 1 young (1024K), 0 survivors (0K)
 Metaspace       used 56879K, committed 57664K, reserved 1114112K
  class space    used 6992K, committed 7296K, reserved 1048576K
}
Event: 246.257 GC heap after
{Heap after GC invocations=34 (full 19):
 garbage-first heap   total 86016K, used 29653K [0x00000000c0000000, 0x0000000100000000)
  region size 1024K, 0 young (0K), 0 survivors (0K)
 Metaspace       used 56879K, committed 57664K, reserved 1114112K
  class space    used 6992K, committed 7296K, reserved 1048576K
}
Event: 256.404 GC heap before
{Heap before GC invocations=34 (full 19):
 garbage-first heap   total 86016K, used 29653K [0x00000000c0000000, 0x0000000100000000)
  region size 1024K, 1 young (1024K), 0 survivors (0K)
 Metaspace       used 56879K, committed 57664K, reserved 1114112K
  class space    used 6992K, committed 7296K, reserved 1048576K
}
Event: 256.451 GC heap after
{Heap after GC invocations=35 (full 20):
 garbage-first heap   total 86016K, used 29653K [0x00000000c0000000, 0x0000000100000000)
  region size 1024K, 0 young (0K), 0 survivors (0K)
 Metaspace       used 56879K, committed 57664K, reserved 1114112K
  class space    used 6992K, committed 7296K, reserved 1048576K
}
Event: 266.599 GC heap before
{Heap before GC invocations=35 (full 20):
 garbage-first heap   total 86016K, used 29653K [0x00000000c0000000, 0x0000000100000000)
  region size 1024K, 1 young (1024K), 0 survivors (0K)
 Metaspace       used 56879K, committed 57664K, reserved 1114112K
  class space    used 6992K, committed 7296K, reserved 1048576K
}
Event: 266.629 GC heap after
{Heap after GC invocations=36 (full 21):
 garbage-first heap   total 86016K, used 29653K [0x00000000c0000000, 0x0000000100000000)
  region size 1024K, 0 young (0K), 0 survivors (0K)
 Metaspace       used 56879K, committed 57664K, reserved 1114112K
  class space    used 6992K, committed 7296K, reserved 1048576K
}
Event: 276.785 GC heap before
{Heap before GC invocations=36 (full 21):
 garbage-first heap   total 86016K, used 29653K [0x00000000c0000000, 0x0000000100000000)
  region size 1024K, 1 young (1024K), 0 survivors (0K)
 Metaspace       used 56879K, committed 57664K, reserved 1114112K
  class space    used 6992K, committed 7296K, reserved 1048576K
}
Event: 276.809 GC heap after
{Heap after GC invocations=37 (full 22):
 garbage-first heap   total 86016K, used 29653K [0x00000000c0000000, 0x0000000100000000)
  region size 1024K, 0 young (0K), 0 survivors (0K)
 Metaspace       used 56879K, committed 57664K, reserved 1114112K
  class space    used 6992K, committed 7296K, reserved 1048576K
}
Event: 286.972 GC heap before
{Heap before GC invocations=37 (full 22):
 garbage-first heap   total 86016K, used 29653K [0x00000000c0000000, 0x0000000100000000)
  region size 1024K, 1 young (1024K), 0 survivors (0K)
 Metaspace       used 56879K, committed 57664K, reserved 1114112K
  class space    used 6992K, committed 7296K, reserved 1048576K
}
Event: 287.013 GC heap after
{Heap after GC invocations=38 (full 23):
 garbage-first heap   total 86016K, used 29653K [0x00000000c0000000, 0x0000000100000000)
  region size 1024K, 0 young (0K), 0 survivors (0K)
 Metaspace       used 56879K, committed 57664K, reserved 1114112K
  class space    used 6992K, committed 7296K, reserved 1048576K
}
Event: 297.193 GC heap before
{Heap before GC invocations=38 (full 23):
 garbage-first heap   total 86016K, used 29653K [0x00000000c0000000, 0x0000000100000000)
  region size 1024K, 1 young (1024K), 0 survivors (0K)
 Metaspace       used 56879K, committed 57664K, reserved 1114112K
  class space    used 6992K, committed 7296K, reserved 1048576K
}
Event: 297.229 GC heap after
{Heap after GC invocations=39 (full 24):
 garbage-first heap   total 86016K, used 29653K [0x00000000c0000000, 0x0000000100000000)
  region size 1024K, 0 young (0K), 0 survivors (0K)
 Metaspace       used 56879K, committed 57664K, reserved 1114112K
  class space    used 6992K, committed 7296K, reserved 1048576K
}
Event: 307.368 GC heap before
{Heap before GC invocations=39 (full 24):
 garbage-first heap   total 86016K, used 29653K [0x00000000c0000000, 0x0000000100000000)
  region size 1024K, 1 young (1024K), 0 survivors (0K)
 Metaspace       used 56911K, committed 57664K, reserved 1114112K
  class space    used 6998K, committed 7296K, reserved 1048576K
}
Event: 307.399 GC heap after
{Heap after GC invocations=40 (full 25):
 garbage-first heap   total 86016K, used 29413K [0x00000000c0000000, 0x0000000100000000)
  region size 1024K, 0 young (0K), 0 survivors (0K)
 Metaspace       used 56911K, committed 57664K, reserved 1114112K
  class space    used 6998K, committed 7296K, reserved 1048576K
}
Event: 317.552 GC heap before
{Heap before GC invocations=40 (full 25):
 garbage-first heap   total 86016K, used 29413K [0x00000000c0000000, 0x0000000100000000)
  region size 1024K, 1 young (1024K), 0 survivors (0K)
 Metaspace       used 56911K, committed 57664K, reserved 1114112K
  class space    used 6998K, committed 7296K, reserved 1048576K
}
Event: 317.594 GC heap after
{Heap after GC invocations=41 (full 26):
 garbage-first heap   total 86016K, used 28371K [0x00000000c0000000, 0x0000000100000000)
  region size 1024K, 0 young (0K), 0 survivors (0K)
 Metaspace       used 56911K, committed 57664K, reserved 1114112K
  class space    used 6998K, committed 7296K, reserved 1048576K
}
Event: 327.756 GC heap before
{Heap before GC invocations=41 (full 26):
 garbage-first heap   total 86016K, used 28371K [0x00000000c0000000, 0x0000000100000000)
  region size 1024K, 1 young (1024K), 0 survivors (0K)
 Metaspace       used 56911K, committed 57664K, reserved 1114112K
  class space    used 6998K, committed 7296K, reserved 1048576K
}
Event: 327.775 GC heap after
{Heap after GC invocations=42 (full 27):
 garbage-first heap   total 86016K, used 28371K [0x00000000c0000000, 0x0000000100000000)
  region size 1024K, 0 young (0K), 0 survivors (0K)
 Metaspace       used 56911K, committed 57664K, reserved 1114112K
  class space    used 6998K, committed 7296K, reserved 1048576K
}
Event: 337.917 GC heap before
{Heap before GC invocations=42 (full 27):
 garbage-first heap   total 86016K, used 28371K [0x00000000c0000000, 0x0000000100000000)
  region size 1024K, 1 young (1024K), 0 survivors (0K)
 Metaspace       used 56911K, committed 57664K, reserved 1114112K
  class space    used 6998K, committed 7296K, reserved 1048576K
}
Event: 337.937 GC heap after
{Heap after GC invocations=43 (full 28):
 garbage-first heap   total 86016K, used 28371K [0x00000000c0000000, 0x0000000100000000)
  region size 1024K, 0 young (0K), 0 survivors (0K)
 Metaspace       used 56911K, committed 57664K, reserved 1114112K
  class space    used 6998K, committed 7296K, reserved 1048576K
}

